e:\github\zppstl\realistic ray tracing\realistic ray tracing\debug\vc120.pdb
e:\github\zppstl\realistic ray tracing\realistic ray tracing\debug\vc120.idb
e:\github\zppstl\realistic ray tracing\realistic ray tracing\debug\main.obj
e:\github\zppstl\realistic ray tracing\realistic ray tracing\debug\rgb.obj
e:\github\zppstl\realistic ray tracing\realistic ray tracing\debug\image.obj
e:\github\zppstl\realistic ray tracing\realistic ray tracing\debug\vector3.obj
e:\github\zppstl\realistic ray tracing\realistic ray tracing\debug\onb.obj
e:\github\zppstl\realistic ray tracing\realistic ray tracing\debug\sphere.obj
e:\github\zppstl\realistic ray tracing\realistic ray tracing\debug\triangle.obj
e:\github\zppstl\realistic ray tracing\realistic ray tracing\debug\sample.obj
e:\github\realistic ray tracing\realistic ray tracing\debug\vc120.pdb
e:\github\realistic ray tracing\realistic ray tracing\debug\vc120.idb
e:\github\realistic ray tracing\realistic ray tracing\debug\dynsphere.obj
e:\github\realistic ray tracing\realistic ray tracing\debug\image.obj
e:\github\realistic ray tracing\realistic ray tracing\debug\main.obj
e:\github\realistic ray tracing\realistic ray tracing\debug\marbletexture.obj
e:\github\realistic ray tracing\realistic ray tracing\debug\noisetexture.obj
e:\github\realistic ray tracing\realistic ray tracing\debug\onb.obj
e:\github\realistic ray tracing\realistic ray tracing\debug\sample.obj
e:\github\realistic ray tracing\realistic ray tracing\debug\solidnoise.obj
e:\github\realistic ray tracing\realistic ray tracing\debug\sphere.obj
e:\github\realistic ray tracing\realistic ray tracing\debug\triangle.obj
e:\github\realistic ray tracing\realistic ray tracing\debug\vector3.obj
e:\github\realistic ray tracing\realistic ray tracing\debug\imagetexture.obj
e:\github\zppstl\realistic ray tracing\debug\realistic ray tracing.ilk
e:\github\zppstl\realistic ray tracing\debug\realistic ray tracing.exe
e:\github\zppstl\realistic ray tracing\debug\realistic ray tracing.pdb
e:\github\realistic ray tracing\realistic ray tracing\debug\rgb.obj
e:\github\realistic ray tracing\debug\realistic ray tracing.pdb
e:\github\realistic ray tracing\realistic ray tracing\debug\realisti.4bfc9f56.tlog\cl.command.1.tlog
e:\github\realistic ray tracing\realistic ray tracing\debug\realisti.4bfc9f56.tlog\cl.read.1.tlog
e:\github\realistic ray tracing\realistic ray tracing\debug\realisti.4bfc9f56.tlog\cl.write.1.tlog
e:\github\realistic ray tracing\realistic ray tracing\debug\realisti.4bfc9f56.tlog\link-cvtres.read.1.tlog
e:\github\realistic ray tracing\realistic ray tracing\debug\realisti.4bfc9f56.tlog\link-cvtres.write.1.tlog
e:\github\realistic ray tracing\realistic ray tracing\debug\realisti.4bfc9f56.tlog\link-rc.read.1.tlog
e:\github\realistic ray tracing\realistic ray tracing\debug\realisti.4bfc9f56.tlog\link-rc.write.1.tlog
e:\github\realistic ray tracing\realistic ray tracing\debug\realisti.4bfc9f56.tlog\link.command.1.tlog
e:\github\realistic ray tracing\realistic ray tracing\debug\realisti.4bfc9f56.tlog\link.read.1.tlog
e:\github\realistic ray tracing\realistic ray tracing\debug\realisti.4bfc9f56.tlog\link.write.1.tlog
